d:\code\new\01_项目创建及输出\01_项目创建及输出\debug\vc142.pdb
d:\code\new\01_项目创建及输出\01_项目创建及输出\debug\vc142.idb
d:\code\new\01_项目创建及输出\01_项目创建及输出\debug\常量.obj
d:\code\new\01_项目创建及输出\01_项目创建及输出\debug\helloworld.obj
d:\code\new\01_项目创建及输出\01_项目创建及输出\debug\sizeof.obj
d:\code\new\01_项目创建及输出\01_项目创建及输出\debug\folat_double.obj
d:\thirdsoft\github\code\newstart_cpp\01_项目创建及输出\01_项目创建及输出\debug\vc142.pdb
d:\thirdsoft\github\code\newstart_cpp\01_项目创建及输出\01_项目创建及输出\debug\vc142.idb
d:\thirdsoft\github\code\newstart_cpp\01_项目创建及输出\01_项目创建及输出\debug\常量.obj
d:\thirdsoft\github\code\newstart_cpp\01_项目创建及输出\01_项目创建及输出\debug\sizeof.obj
d:\thirdsoft\github\code\newstart_cpp\01_项目创建及输出\01_项目创建及输出\debug\sanmu.obj
d:\thirdsoft\github\code\newstart_cpp\01_项目创建及输出\01_项目创建及输出\debug\helloworld.obj
d:\thirdsoft\github\code\newstart_cpp\01_项目创建及输出\01_项目创建及输出\debug\folat_double.obj
d:\code\new\01_项目创建及输出\debug\01_项目创建及输出.exe
d:\code\new\01_项目创建及输出\debug\01_项目创建及输出.ilk
d:\code\new\01_项目创建及输出\debug\01_项目创建及输出.pdb
d:\thirdsoft\github\code\newstart_cpp\01_项目创建及输出\debug\01_项目创建及输出.exe
d:\thirdsoft\github\code\newstart_cpp\01_项目创建及输出\debug\01_项目创建及输出.ilk
d:\thirdsoft\github\code\newstart_cpp\01_项目创建及输出\debug\01_项目创建及输出.pdb
d:\thirdsoft\github\code\newstart_cpp\01_项目创建及输出\01_项目创建及输出\debug\01_项目创建及输出.tlog\cl.command.1.tlog
d:\thirdsoft\github\code\newstart_cpp\01_项目创建及输出\01_项目创建及输出\debug\01_项目创建及输出.tlog\cl.read.1.tlog
d:\thirdsoft\github\code\newstart_cpp\01_项目创建及输出\01_项目创建及输出\debug\01_项目创建及输出.tlog\cl.write.1.tlog
d:\thirdsoft\github\code\newstart_cpp\01_项目创建及输出\01_项目创建及输出\debug\01_项目创建及输出.tlog\link.command.1.tlog
d:\thirdsoft\github\code\newstart_cpp\01_项目创建及输出\01_项目创建及输出\debug\01_项目创建及输出.tlog\link.read.1.tlog
d:\thirdsoft\github\code\newstart_cpp\01_项目创建及输出\01_项目创建及输出\debug\01_项目创建及输出.tlog\link.write.1.tlog
